0 verbose cli /data/data/com.termux/files/usr/bin/node /data/data/com.termux/files/usr/bin/npm
1 info using npm@11.12.1
2 info using node@v25.8.2
3 silly config load:file:/data/data/com.termux/files/usr/lib/node_modules/npm/npmrc
4 silly config load:file:/data/data/com.termux/files/home/mon-bot-wpp/.npmrc
5 silly config load:file:/data/data/com.termux/files/home/.npmrc
6 silly config load:file:/data/data/com.termux/files/usr/etc/npmrc
7 verbose title npm install qrcode-terminal
8 verbose argv "install" "qrcode-terminal"
9 verbose logfile logs-max:10 dir:/data/data/com.termux/files/home/.npm/_logs/2026-04-21T19_30_04_758Z-
10 verbose logfile /data/data/com.termux/files/home/.npm/_logs/2026-04-21T19_30_04_758Z-debug-0.log
11 silly logfile start cleaning logs, removing 1 files
12 silly packumentCache heap:1174405120 maxSize:293601280 maxEntrySize:146800640
13 silly logfile done cleaning log files
14 silly idealTree buildDeps
15 silly fetch manifest qrcode-terminal@^0.12.0
16 silly packumentCache full:https://registry.npmjs.org/qrcode-terminal cache-miss
17 http cache https://registry.npmjs.org/qrcode-terminal 400ms (cache hit)
18 silly packumentCache full:https://registry.npmjs.org/qrcode-terminal set size:29799 disposed:false
19 silly placeDep ROOT qrcode-terminal@0.12.0 REPLACE for: mon-bot-wpp@1.0.0 want: ^0.12.0
20 silly reify moves {}
21 silly audit bulk request {
21 silly audit   '@borewit/text-codec': [ '0.2.2' ],
21 silly audit   '@cacheable/memory': [ '2.0.8' ],
21 silly audit   '@cacheable/node-cache': [ '1.7.6' ],
21 silly audit   '@cacheable/utils': [ '2.4.1' ],
21 silly audit   '@emnapi/runtime': [ '1.10.0' ],
21 silly audit   '@hapi/boom': [ '9.1.4' ],
21 silly audit   '@hapi/hoek': [ '9.3.0' ],
21 silly audit   '@img/colour': [ '1.1.0' ],
21 silly audit   '@img/sharp-darwin-arm64': [ '0.34.5' ],
21 silly audit   '@img/sharp-darwin-x64': [ '0.34.5' ],
21 silly audit   '@img/sharp-libvips-darwin-arm64': [ '1.2.4' ],
21 silly audit   '@img/sharp-libvips-darwin-x64': [ '1.2.4' ],
21 silly audit   '@img/sharp-libvips-linux-arm': [ '1.2.4' ],
21 silly audit   '@img/sharp-libvips-linux-arm64': [ '1.2.4' ],
21 silly audit   '@img/sharp-libvips-linux-ppc64': [ '1.2.4' ],
21 silly audit   '@img/sharp-libvips-linux-riscv64': [ '1.2.4' ],
21 silly audit   '@img/sharp-libvips-linux-s390x': [ '1.2.4' ],
21 silly audit   '@img/sharp-libvips-linux-x64': [ '1.2.4' ],
21 silly audit   '@img/sharp-libvips-linuxmusl-arm64': [ '1.2.4' ],
21 silly audit   '@img/sharp-libvips-linuxmusl-x64': [ '1.2.4' ],
21 silly audit   '@img/sharp-linux-arm': [ '0.34.5' ],
21 silly audit   '@img/sharp-linux-arm64': [ '0.34.5' ],
21 silly audit   '@img/sharp-linux-ppc64': [ '0.34.5' ],
21 silly audit   '@img/sharp-linux-riscv64': [ '0.34.5' ],
21 silly audit   '@img/sharp-linux-s390x': [ '0.34.5' ],
21 silly audit   '@img/sharp-linux-x64': [ '0.34.5' ],
21 silly audit   '@img/sharp-linuxmusl-arm64': [ '0.34.5' ],
21 silly audit   '@img/sharp-linuxmusl-x64': [ '0.34.5' ],
21 silly audit   '@img/sharp-wasm32': [ '0.34.5' ],
21 silly audit   '@img/sharp-win32-arm64': [ '0.34.5' ],
21 silly audit   '@img/sharp-win32-ia32': [ '0.34.5' ],
21 silly audit   '@img/sharp-win32-x64': [ '0.34.5' ],
21 silly audit   '@keyv/bigmap': [ '1.3.1' ],
21 silly audit   '@keyv/serialize': [ '1.1.1' ],
21 silly audit   '@pinojs/redact': [ '0.4.0' ],
21 silly audit   '@protobufjs/aspromise': [ '1.1.2' ],
21 silly audit   '@protobufjs/base64': [ '1.1.2' ],
21 silly audit   '@protobufjs/codegen': [ '2.0.4' ],
21 silly audit   '@protobufjs/eventemitter': [ '1.1.0' ],
21 silly audit   '@protobufjs/fetch': [ '1.1.0' ],
21 silly audit   '@protobufjs/float': [ '1.0.2' ],
21 silly audit   '@protobufjs/inquire': [ '1.1.0' ],
21 silly audit   '@protobufjs/path': [ '1.1.2' ],
21 silly audit   '@protobufjs/pool': [ '1.1.0' ],
21 silly audit   '@protobufjs/utf8': [ '1.1.0' ],
21 silly audit   '@tokenizer/inflate': [ '0.4.1' ],
21 silly audit   '@tokenizer/token': [ '0.3.0' ],
21 silly audit   '@types/long': [ '4.0.2' ],
21 silly audit   '@types/node': [ '25.6.0', '10.17.60' ],
21 silly audit   '@whiskeysockets/baileys': [ '7.0.0-rc.9' ],
21 silly audit   'async-mutex': [ '0.5.0' ],
21 silly audit   'atomic-sleep': [ '1.0.0' ],
21 silly audit   cacheable: [ '2.3.4' ],
21 silly audit   'content-type': [ '1.0.5' ],
21 silly audit   'curve25519-js': [ '0.0.4' ],
21 silly audit   debug: [ '4.4.3' ],
21 silly audit   'detect-libc': [ '2.1.2' ],
21 silly audit   eventemitter3: [ '5.0.4' ],
21 silly audit   'file-type': [ '21.3.4' ],
21 silly audit   hashery: [ '1.5.1' ],
21 silly audit   hookified: [ '1.15.1', '2.1.1' ],
21 silly audit   ieee754: [ '1.2.1' ],
21 silly audit   keyv: [ '5.6.0' ],
21 silly audit   '@whiskeysockets/libsignal-node': [ '2.0.1' ],
21 silly audit   long: [ '4.0.0', '5.3.2' ],
21 silly audit   protobufjs: [ '6.8.8', '7.5.5' ],
21 silly audit   'lru-cache': [ '11.3.5' ],
21 silly audit   'media-typer': [ '1.1.0' ],
21 silly audit   ms: [ '2.1.3' ],
21 silly audit   'music-metadata': [ '11.12.3' ],
21 silly audit   'on-exit-leak-free': [ '2.1.2' ],
21 silly audit   'p-queue': [ '9.1.2' ],
21 silly audit   'p-timeout': [ '7.0.1' ],
21 silly audit   pino: [ '9.14.0' ],
21 silly audit   'pino-abstract-transport': [ '2.0.0' ],
21 silly audit   'pino-std-serializers': [ '7.1.0' ],
21 silly audit   'process-warning': [ '5.0.0' ],
21 silly audit   qified: [ '0.9.1' ],
21 silly audit   'quick-format-unescaped': [ '4.0.4' ],
21 silly audit   'real-require': [ '0.2.0' ],
21 silly audit   'safe-stable-stringify': [ '2.5.0' ],
21 silly audit   semver: [ '7.7.4' ],
21 silly audit   sharp: [ '0.34.5' ],
21 silly audit   'sonic-boom': [ '4.2.1' ],
21 silly audit   split2: [ '4.2.0' ],
21 silly audit   strtok3: [ '10.3.5' ],
21 silly audit   'thread-stream': [ '3.1.0' ],
21 silly audit   'token-types': [ '6.1.2' ],
21 silly audit   tslib: [ '2.8.1' ],
21 silly audit   'uint8array-extras': [ '1.5.0' ],
21 silly audit   'undici-types': [ '7.19.2' ],
21 silly audit   'win-guid': [ '0.2.1' ],
21 silly audit   ws: [ '8.20.0' ],
21 silly audit   'qrcode-terminal': [ '0.12.0' ]
21 silly audit }
22 http fetch POST 200 https://registry.npmjs.org/-/npm/v1/security/advisories/bulk 12695ms
23 silly audit report {
23 silly audit report   protobufjs: [
23 silly audit report     {
23 silly audit report       id: 1116832,
23 silly audit report       url: 'https://github.com/advisories/GHSA-xq3m-2v4x-88gg',
23 silly audit report       title: 'Arbitrary code execution in protobufjs',
23 silly audit report       severity: 'critical',
23 silly audit report       vulnerable_versions: '<7.5.5',
23 silly audit report       cwe: [Array],
23 silly audit report       cvss: [Object]
23 silly audit report     }
23 silly audit report   ]
23 silly audit report }
24 silly packumentCache corgi:https://registry.npmjs.org/protobufjs cache-miss
25 http cache https://registry.npmjs.org/protobufjs 56ms (cache hit)
26 silly packumentCache corgi:https://registry.npmjs.org/protobufjs set size:246110 disposed:false
27 silly packumentCache corgi:https://registry.npmjs.org/@whiskeysockets%2flibsignal-node cache-miss
28 http fetch GET 404 https://registry.npmjs.org/@whiskeysockets%2flibsignal-node 294ms (cache skip)
29 silly packumentCache corgi:https://registry.npmjs.org/@whiskeysockets%2flibsignal-node cache-miss
30 http fetch GET 404 https://registry.npmjs.org/@whiskeysockets%2flibsignal-node 273ms (cache skip)
31 silly packumentCache corgi:https://registry.npmjs.org/@whiskeysockets%2fbaileys cache-miss
32 http cache https://registry.npmjs.org/@whiskeysockets%2fbaileys 39ms (cache hit)
33 silly packumentCache corgi:https://registry.npmjs.org/@whiskeysockets%2fbaileys set size:81566 disposed:false
34 verbose cwd /data/data/com.termux/files/home/mon-bot-wpp
35 verbose os Linux 3.18.79
36 verbose node v25.8.2
37 verbose npm  v11.12.1
38 verbose exit 0
39 info ok
