0 verbose cli /data/data/com.termux/files/usr/bin/node /data/data/com.termux/files/usr/bin/npm
1 info using npm@11.12.1
2 info using node@v25.8.2
3 silly config load:file:/data/data/com.termux/files/usr/lib/node_modules/npm/npmrc
4 silly config load:file:/data/data/com.termux/files/home/mon-bot-wpp/.npmrc
5 silly config load:file:/data/data/com.termux/files/home/.npmrc
6 silly config load:file:/data/data/com.termux/files/usr/etc/npmrc
7 verbose title npm install @whiskeysockets/baileys qrcode-terminal
8 verbose argv "install" "@whiskeysockets/baileys" "qrcode-terminal"
9 verbose logfile logs-max:10 dir:/data/data/com.termux/files/home/.npm/_logs/2026-04-21T19_27_09_581Z-
10 verbose logfile /data/data/com.termux/files/home/.npm/_logs/2026-04-21T19_27_09_581Z-debug-0.log
11 silly logfile start cleaning logs, removing 1 files
12 silly packumentCache heap:1174405120 maxSize:293601280 maxEntrySize:146800640
13 silly logfile done cleaning log files
14 silly idealTree buildDeps
15 silly fetch manifest @whiskeysockets/baileys@^7.0.0-rc.9
16 silly packumentCache full:https://registry.npmjs.org/@whiskeysockets%2fbaileys cache-miss
17 http fetch GET 200 https://registry.npmjs.org/@whiskeysockets%2fbaileys 2335ms (cache revalidated)
18 silly packumentCache full:https://registry.npmjs.org/@whiskeysockets%2fbaileys set size:202548 disposed:false
19 silly fetch manifest audio-decode@^2.1.3
20 silly packumentCache full:https://registry.npmjs.org/audio-decode cache-miss
21 http fetch GET 200 https://registry.npmjs.org/audio-decode 421ms (cache revalidated)
22 silly packumentCache full:https://registry.npmjs.org/audio-decode set size:120660 disposed:false
23 silly fetch manifest jimp@^1.6.0
24 silly packumentCache full:https://registry.npmjs.org/jimp cache-miss
25 http fetch GET 200 https://registry.npmjs.org/jimp 391ms (cache revalidated)
26 silly packumentCache full:https://registry.npmjs.org/jimp set size:1198045 disposed:false
27 silly fetch manifest link-preview-js@^3.0.0
28 silly packumentCache full:https://registry.npmjs.org/link-preview-js cache-miss
29 http fetch GET 200 https://registry.npmjs.org/link-preview-js 356ms (cache revalidated)
30 silly packumentCache full:https://registry.npmjs.org/link-preview-js set size:145310 disposed:false
31 silly fetch manifest sharp@*
32 silly packumentCache full:https://registry.npmjs.org/sharp cache-miss
33 http fetch GET 200 https://registry.npmjs.org/sharp 1120ms (cache revalidated)
34 silly packumentCache full:https://registry.npmjs.org/sharp set size:1062973 disposed:false
35 silly fetch manifest qrcode-terminal@^0.12.0
36 silly packumentCache full:https://registry.npmjs.org/qrcode-terminal cache-miss
37 http fetch GET 200 https://registry.npmjs.org/qrcode-terminal 1093ms (cache revalidated)
38 silly packumentCache full:https://registry.npmjs.org/qrcode-terminal set size:29799 disposed:false
39 silly placeDep ROOT @whiskeysockets/baileys@7.0.0-rc.9 REPLACE for: mon-bot-wpp@1.0.0 want: ^7.0.0-rc.9
40 silly placeDep ROOT qrcode-terminal@0.12.0 REPLACE for: mon-bot-wpp@1.0.0 want: ^0.12.0
41 silly reify moves {}
42 silly audit bulk request {
42 silly audit   '@borewit/text-codec': [ '0.2.2' ],
42 silly audit   '@cacheable/memory': [ '2.0.8' ],
42 silly audit   '@cacheable/node-cache': [ '1.7.6' ],
42 silly audit   '@cacheable/utils': [ '2.4.1' ],
42 silly audit   '@emnapi/runtime': [ '1.10.0' ],
42 silly audit   '@hapi/boom': [ '9.1.4' ],
42 silly audit   '@hapi/hoek': [ '9.3.0' ],
42 silly audit   '@img/colour': [ '1.1.0' ],
42 silly audit   '@img/sharp-darwin-arm64': [ '0.34.5' ],
42 silly audit   '@img/sharp-darwin-x64': [ '0.34.5' ],
42 silly audit   '@img/sharp-libvips-darwin-arm64': [ '1.2.4' ],
42 silly audit   '@img/sharp-libvips-darwin-x64': [ '1.2.4' ],
42 silly audit   '@img/sharp-libvips-linux-arm': [ '1.2.4' ],
42 silly audit   '@img/sharp-libvips-linux-arm64': [ '1.2.4' ],
42 silly audit   '@img/sharp-libvips-linux-ppc64': [ '1.2.4' ],
42 silly audit   '@img/sharp-libvips-linux-riscv64': [ '1.2.4' ],
42 silly audit   '@img/sharp-libvips-linux-s390x': [ '1.2.4' ],
42 silly audit   '@img/sharp-libvips-linux-x64': [ '1.2.4' ],
42 silly audit   '@img/sharp-libvips-linuxmusl-arm64': [ '1.2.4' ],
42 silly audit   '@img/sharp-libvips-linuxmusl-x64': [ '1.2.4' ],
42 silly audit   '@img/sharp-linux-arm': [ '0.34.5' ],
42 silly audit   '@img/sharp-linux-arm64': [ '0.34.5' ],
42 silly audit   '@img/sharp-linux-ppc64': [ '0.34.5' ],
42 silly audit   '@img/sharp-linux-riscv64': [ '0.34.5' ],
42 silly audit   '@img/sharp-linux-s390x': [ '0.34.5' ],
42 silly audit   '@img/sharp-linux-x64': [ '0.34.5' ],
42 silly audit   '@img/sharp-linuxmusl-arm64': [ '0.34.5' ],
42 silly audit   '@img/sharp-linuxmusl-x64': [ '0.34.5' ],
42 silly audit   '@img/sharp-wasm32': [ '0.34.5' ],
42 silly audit   '@img/sharp-win32-arm64': [ '0.34.5' ],
42 silly audit   '@img/sharp-win32-ia32': [ '0.34.5' ],
42 silly audit   '@img/sharp-win32-x64': [ '0.34.5' ],
42 silly audit   '@keyv/bigmap': [ '1.3.1' ],
42 silly audit   '@keyv/serialize': [ '1.1.1' ],
42 silly audit   '@pinojs/redact': [ '0.4.0' ],
42 silly audit   '@protobufjs/aspromise': [ '1.1.2' ],
42 silly audit   '@protobufjs/base64': [ '1.1.2' ],
42 silly audit   '@protobufjs/codegen': [ '2.0.4' ],
42 silly audit   '@protobufjs/eventemitter': [ '1.1.0' ],
42 silly audit   '@protobufjs/fetch': [ '1.1.0' ],
42 silly audit   '@protobufjs/float': [ '1.0.2' ],
42 silly audit   '@protobufjs/inquire': [ '1.1.0' ],
42 silly audit   '@protobufjs/path': [ '1.1.2' ],
42 silly audit   '@protobufjs/pool': [ '1.1.0' ],
42 silly audit   '@protobufjs/utf8': [ '1.1.0' ],
42 silly audit   '@tokenizer/inflate': [ '0.4.1' ],
42 silly audit   '@tokenizer/token': [ '0.3.0' ],
42 silly audit   '@types/long': [ '4.0.2' ],
42 silly audit   '@types/node': [ '25.6.0', '10.17.60' ],
42 silly audit   'async-mutex': [ '0.5.0' ],
42 silly audit   'atomic-sleep': [ '1.0.0' ],
42 silly audit   cacheable: [ '2.3.4' ],
42 silly audit   'content-type': [ '1.0.5' ],
42 silly audit   'curve25519-js': [ '0.0.4' ],
42 silly audit   debug: [ '4.4.3' ],
42 silly audit   'detect-libc': [ '2.1.2' ],
42 silly audit   eventemitter3: [ '5.0.4' ],
42 silly audit   'file-type': [ '21.3.4' ],
42 silly audit   hashery: [ '1.5.1' ],
42 silly audit   hookified: [ '1.15.1', '2.1.1' ],
42 silly audit   ieee754: [ '1.2.1' ],
42 silly audit   keyv: [ '5.6.0' ],
42 silly audit   '@whiskeysockets/libsignal-node': [ '2.0.1' ],
42 silly audit   long: [ '4.0.0', '5.3.2' ],
42 silly audit   protobufjs: [ '6.8.8', '7.5.5' ],
42 silly audit   'lru-cache': [ '11.3.5' ],
42 silly audit   'media-typer': [ '1.1.0' ],
42 silly audit   ms: [ '2.1.3' ],
42 silly audit   'music-metadata': [ '11.12.3' ],
42 silly audit   'on-exit-leak-free': [ '2.1.2' ],
42 silly audit   'p-queue': [ '9.1.2' ],
42 silly audit   'p-timeout': [ '7.0.1' ],
42 silly audit   pino: [ '9.14.0' ],
42 silly audit   'pino-abstract-transport': [ '2.0.0' ],
42 silly audit   'pino-std-serializers': [ '7.1.0' ],
42 silly audit   'process-warning': [ '5.0.0' ],
42 silly audit   qified: [ '0.9.1' ],
42 silly audit   'quick-format-unescaped': [ '4.0.4' ],
42 silly audit   'real-require': [ '0.2.0' ],
42 silly audit   'safe-stable-stringify': [ '2.5.0' ],
42 silly audit   semver: [ '7.7.4' ],
42 silly audit   sharp: [ '0.34.5' ],
42 silly audit   'sonic-boom': [ '4.2.1' ],
42 silly audit   split2: [ '4.2.0' ],
42 silly audit   strtok3: [ '10.3.5' ],
42 silly audit   'thread-stream': [ '3.1.0' ],
42 silly audit   'token-types': [ '6.1.2' ],
42 silly audit   tslib: [ '2.8.1' ],
42 silly audit   'uint8array-extras': [ '1.5.0' ],
42 silly audit   'undici-types': [ '7.19.2' ],
42 silly audit   'win-guid': [ '0.2.1' ],
42 silly audit   ws: [ '8.20.0' ],
42 silly audit   '@whiskeysockets/baileys': [ '7.0.0-rc.9' ],
42 silly audit   'qrcode-terminal': [ '0.12.0' ]
42 silly audit }
43 http fetch POST 200 https://registry.npmjs.org/-/npm/v1/security/advisories/bulk 776ms
44 silly audit report {
44 silly audit report   protobufjs: [
44 silly audit report     {
44 silly audit report       id: 1116832,
44 silly audit report       url: 'https://github.com/advisories/GHSA-xq3m-2v4x-88gg',
44 silly audit report       title: 'Arbitrary code execution in protobufjs',
44 silly audit report       severity: 'critical',
44 silly audit report       vulnerable_versions: '<7.5.5',
44 silly audit report       cwe: [Array],
44 silly audit report       cvss: [Object]
44 silly audit report     }
44 silly audit report   ]
44 silly audit report }
45 silly packumentCache corgi:https://registry.npmjs.org/protobufjs cache-miss
46 http fetch GET 200 https://registry.npmjs.org/protobufjs 323ms (cache revalidated)
47 silly packumentCache corgi:https://registry.npmjs.org/protobufjs set size:246110 disposed:false
48 silly packumentCache corgi:https://registry.npmjs.org/@whiskeysockets%2flibsignal-node cache-miss
49 http fetch GET 404 https://registry.npmjs.org/@whiskeysockets%2flibsignal-node 269ms (cache skip)
50 silly packumentCache corgi:https://registry.npmjs.org/@whiskeysockets%2flibsignal-node cache-miss
51 http fetch GET 404 https://registry.npmjs.org/@whiskeysockets%2flibsignal-node 782ms (cache skip)
52 silly packumentCache corgi:https://registry.npmjs.org/@whiskeysockets%2fbaileys cache-miss
53 http fetch GET 200 https://registry.npmjs.org/@whiskeysockets%2fbaileys 439ms (cache revalidated)
54 silly packumentCache corgi:https://registry.npmjs.org/@whiskeysockets%2fbaileys set size:81566 disposed:false
55 verbose cwd /data/data/com.termux/files/home/mon-bot-wpp
56 verbose os Linux 3.18.79
57 verbose node v25.8.2
58 verbose npm  v11.12.1
59 verbose exit 0
60 info ok
