0 verbose cli /data/data/com.termux/files/usr/bin/node /data/data/com.termux/files/usr/bin/npm
1 info using npm@11.12.1
2 info using node@v24.14.1
3 silly config load:file:/data/data/com.termux/files/usr/lib/node_modules/npm/npmrc
4 silly config load:file:/data/data/com.termux/files/home/.npmrc
5 silly config load:file:/data/data/com.termux/files/usr/etc/npmrc
6 verbose title npm install chalk pino qrcode-terminal
7 verbose argv "install" "chalk" "pino" "qrcode-terminal"
8 verbose logfile logs-max:10 dir:/data/data/com.termux/files/home/.npm/_logs/2026-04-20T23_30_35_409Z-
9 verbose logfile /data/data/com.termux/files/home/.npm/_logs/2026-04-20T23_30_35_409Z-debug-0.log
10 silly logfile start cleaning logs, removing 1 files
11 silly packumentCache heap:1174405120 maxSize:293601280 maxEntrySize:146800640
12 silly logfile done cleaning log files
13 silly idealTree buildDeps
14 silly fetch manifest chalk@^5.6.2
15 silly packumentCache full:https://registry.npmjs.org/chalk cache-miss
16 http cache https://registry.npmjs.org/chalk 231ms (cache hit)
17 silly packumentCache full:https://registry.npmjs.org/chalk set size:117861 disposed:false
18 silly fetch manifest pino@^10.3.1
19 silly packumentCache full:https://registry.npmjs.org/pino cache-miss
20 http cache https://registry.npmjs.org/pino 75ms (cache hit)
21 silly packumentCache full:https://registry.npmjs.org/pino set size:1274379 disposed:false
22 silly fetch manifest qrcode-terminal@^0.12.0
23 silly packumentCache full:https://registry.npmjs.org/qrcode-terminal cache-miss
24 http cache https://registry.npmjs.org/qrcode-terminal 31ms (cache hit)
25 silly packumentCache full:https://registry.npmjs.org/qrcode-terminal set size:29799 disposed:false
26 silly placeDep ROOT chalk@5.6.2 REPLACE for:  want: ^5.6.2
27 silly placeDep ROOT pino@10.3.1 REPLACE for:  want: ^10.3.1
28 silly placeDep ROOT qrcode-terminal@0.12.0 REPLACE for:  want: ^0.12.0
29 silly reify moves {}
30 silly audit bulk request {
30 silly audit   '@pinojs/redact': [ '0.4.0' ],
30 silly audit   'atomic-sleep': [ '1.0.0' ],
30 silly audit   'on-exit-leak-free': [ '2.1.2' ],
30 silly audit   'pino-abstract-transport': [ '3.0.0' ],
30 silly audit   'pino-std-serializers': [ '7.1.0' ],
30 silly audit   'process-warning': [ '5.0.0' ],
30 silly audit   'quick-format-unescaped': [ '4.0.4' ],
30 silly audit   'real-require': [ '0.2.0' ],
30 silly audit   'safe-stable-stringify': [ '2.5.0' ],
30 silly audit   'sonic-boom': [ '4.2.1' ],
30 silly audit   split2: [ '4.2.0' ],
30 silly audit   'thread-stream': [ '4.0.0' ],
30 silly audit   chalk: [ '5.6.2' ],
30 silly audit   pino: [ '10.3.1' ],
30 silly audit   'qrcode-terminal': [ '0.12.0' ]
30 silly audit }
31 http fetch POST 200 https://registry.npmjs.org/-/npm/v1/security/advisories/bulk 838ms
32 silly audit report {}
33 verbose cwd /data/data/com.termux/files/home
34 verbose os Linux 3.18.79
35 verbose node v24.14.1
36 verbose npm  v11.12.1
37 verbose exit 0
38 info ok
