0 verbose cli /data/data/com.termux/files/usr/bin/node /data/data/com.termux/files/usr/bin/npm
1 info using npm@11.12.1
2 info using node@v25.8.2
3 silly config load:file:/data/data/com.termux/files/usr/lib/node_modules/npm/npmrc
4 silly config load:file:/data/data/com.termux/files/home/mon-bot-wpp/.npmrc
5 silly config load:file:/data/data/com.termux/files/home/.npmrc
6 silly config load:file:/data/data/com.termux/files/usr/etc/npmrc
7 verbose title npm install @whiskeysockets/baileys qrcode-terminal
8 verbose argv "install" "@whiskeysockets/baileys" "qrcode-terminal"
9 verbose logfile logs-max:10 dir:/data/data/com.termux/files/home/.npm/_logs/2026-04-21T19_18_10_809Z-
10 verbose logfile /data/data/com.termux/files/home/.npm/_logs/2026-04-21T19_18_10_809Z-debug-0.log
11 silly logfile start cleaning logs, removing 1 files
12 silly packumentCache heap:1174405120 maxSize:293601280 maxEntrySize:146800640
13 silly logfile done cleaning log files
14 silly idealTree buildDeps
15 silly fetch manifest @whiskeysockets/baileys@*
16 silly packumentCache full:https://registry.npmjs.org/@whiskeysockets%2fbaileys cache-miss
17 http fetch GET 200 https://registry.npmjs.org/@whiskeysockets%2fbaileys 2204ms (cache revalidated)
18 silly packumentCache full:https://registry.npmjs.org/@whiskeysockets%2fbaileys set size:202548 disposed:false
19 silly fetch manifest audio-decode@^2.1.3
20 silly packumentCache full:https://registry.npmjs.org/audio-decode cache-miss
21 http fetch GET 200 https://registry.npmjs.org/audio-decode 377ms (cache revalidated)
22 silly packumentCache full:https://registry.npmjs.org/audio-decode set size:120660 disposed:false
23 silly fetch manifest jimp@^1.6.0
24 silly packumentCache full:https://registry.npmjs.org/jimp cache-miss
25 http fetch GET 200 https://registry.npmjs.org/jimp 364ms (cache revalidated)
26 silly packumentCache full:https://registry.npmjs.org/jimp set size:1198045 disposed:false
27 silly fetch manifest link-preview-js@^3.0.0
28 silly packumentCache full:https://registry.npmjs.org/link-preview-js cache-miss
29 http fetch GET 200 https://registry.npmjs.org/link-preview-js 433ms (cache revalidated)
30 silly packumentCache full:https://registry.npmjs.org/link-preview-js set size:145310 disposed:false
31 silly fetch manifest sharp@*
32 silly packumentCache full:https://registry.npmjs.org/sharp cache-miss
33 http fetch GET 200 https://registry.npmjs.org/sharp 342ms (cache revalidated)
34 silly packumentCache full:https://registry.npmjs.org/sharp set size:1062973 disposed:false
35 silly fetch manifest qrcode-terminal@*
36 silly packumentCache full:https://registry.npmjs.org/qrcode-terminal cache-miss
37 http fetch GET 200 https://registry.npmjs.org/qrcode-terminal 383ms (cache revalidated)
38 silly packumentCache full:https://registry.npmjs.org/qrcode-terminal set size:29799 disposed:false
39 silly placeDep ROOT @whiskeysockets/baileys@7.0.0-rc.9 OK for: mon-bot-wpp@1.0.0 want: *
40 silly placeDep ROOT sharp@0.34.5 OK for: @whiskeysockets/baileys@7.0.0-rc.9 want: *
41 silly placeDep ROOT qrcode-terminal@0.12.0 OK for: mon-bot-wpp@1.0.0 want: *
42 silly fetch manifest @cacheable/node-cache@^1.4.0
43 silly packumentCache full:https://registry.npmjs.org/@cacheable%2fnode-cache cache-miss
44 silly fetch manifest @hapi/boom@^9.1.3
45 silly packumentCache full:https://registry.npmjs.org/@hapi%2fboom cache-miss
46 silly fetch manifest async-mutex@^0.5.0
47 silly packumentCache full:https://registry.npmjs.org/async-mutex cache-miss
48 http fetch GET 200 https://registry.npmjs.org/@cacheable%2fnode-cache 352ms (cache revalidated)
49 silly packumentCache full:https://registry.npmjs.org/@cacheable%2fnode-cache set size:95890 disposed:false
50 silly fetch manifest libsignal@git+https://github.com/whiskeysockets/libsignal-node.git
51 http fetch GET 200 https://registry.npmjs.org/@hapi%2fboom 1274ms (cache revalidated)
52 silly packumentCache full:https://registry.npmjs.org/@hapi%2fboom set size:55492 disposed:false
53 silly fetch manifest lru-cache@^11.1.0
54 silly packumentCache full:https://registry.npmjs.org/lru-cache cache-miss
55 http fetch GET 200 https://registry.npmjs.org/async-mutex 1383ms (cache revalidated)
56 silly packumentCache full:https://registry.npmjs.org/async-mutex set size:76106 disposed:false
57 silly fetch manifest music-metadata@^11.7.0
58 silly packumentCache full:https://registry.npmjs.org/music-metadata cache-miss
59 http fetch GET 200 https://registry.npmjs.org/lru-cache 464ms (cache revalidated)
60 silly packumentCache full:https://registry.npmjs.org/lru-cache set size:439357 disposed:false
61 silly fetch manifest p-queue@^9.0.0
62 silly packumentCache full:https://registry.npmjs.org/p-queue cache-miss
63 http fetch GET 200 https://registry.npmjs.org/music-metadata 506ms (cache revalidated)
64 silly packumentCache full:https://registry.npmjs.org/music-metadata set size:1277084 disposed:false
65 silly fetch manifest pino@^9.6
66 silly packumentCache full:https://registry.npmjs.org/pino cache-miss
67 http fetch GET 200 https://registry.npmjs.org/p-queue 290ms (cache revalidated)
68 silly packumentCache full:https://registry.npmjs.org/p-queue set size:174455 disposed:false
69 silly fetch manifest protobufjs@^7.2.4
70 silly packumentCache full:https://registry.npmjs.org/protobufjs cache-miss
71 http fetch GET 200 https://registry.npmjs.org/pino 337ms (cache revalidated)
72 silly packumentCache full:https://registry.npmjs.org/pino set size:1274379 disposed:false
73 silly fetch manifest ws@^8.13.0
74 silly packumentCache full:https://registry.npmjs.org/ws cache-miss
75 http fetch GET 200 https://registry.npmjs.org/protobufjs 578ms (cache revalidated)
76 silly packumentCache full:https://registry.npmjs.org/protobufjs set size:618204 disposed:false
77 silly fetch manifest semver@^7.7.3
78 silly packumentCache full:https://registry.npmjs.org/semver cache-miss
79 http fetch GET 200 https://registry.npmjs.org/ws 641ms (cache revalidated)
80 silly packumentCache full:https://registry.npmjs.org/ws set size:415737 disposed:false
81 silly fetch manifest @img/colour@^1.0.0
82 silly packumentCache full:https://registry.npmjs.org/@img%2fcolour cache-miss
83 http fetch GET 200 https://registry.npmjs.org/semver 442ms (cache revalidated)
84 silly packumentCache full:https://registry.npmjs.org/semver set size:229620 disposed:false
85 silly fetch manifest detect-libc@^2.1.2
86 silly packumentCache full:https://registry.npmjs.org/detect-libc cache-miss
87 http fetch GET 200 https://registry.npmjs.org/detect-libc 376ms (cache revalidated)
88 silly packumentCache full:https://registry.npmjs.org/detect-libc set size:47861 disposed:false
89 silly fetch manifest @img/sharp-wasm32@0.34.5
90 silly packumentCache full:https://registry.npmjs.org/@img%2fsharp-wasm32 cache-miss
91 http fetch GET 200 https://registry.npmjs.org/@img%2fcolour 474ms (cache revalidated)
92 silly packumentCache full:https://registry.npmjs.org/@img%2fcolour set size:9701 disposed:false
93 silly fetch manifest @img/sharp-linux-arm@0.34.5
94 silly packumentCache full:https://registry.npmjs.org/@img%2fsharp-linux-arm cache-miss
95 http fetch GET 200 https://registry.npmjs.org/@img%2fsharp-wasm32 323ms (cache revalidated)
96 silly packumentCache full:https://registry.npmjs.org/@img%2fsharp-wasm32 set size:67411 disposed:false
97 silly fetch manifest @img/sharp-linux-x64@0.34.5
98 silly packumentCache full:https://registry.npmjs.org/@img%2fsharp-linux-x64 cache-miss
99 http fetch GET 200 https://registry.npmjs.org/@img%2fsharp-linux-arm 391ms (cache revalidated)
100 silly packumentCache full:https://registry.npmjs.org/@img%2fsharp-linux-arm set size:72929 disposed:false
101 silly fetch manifest @img/sharp-win32-x64@0.34.5
102 silly packumentCache full:https://registry.npmjs.org/@img%2fsharp-win32-x64 cache-miss
103 http fetch GET 200 https://registry.npmjs.org/@img%2fsharp-linux-x64 325ms (cache revalidated)
104 silly packumentCache full:https://registry.npmjs.org/@img%2fsharp-linux-x64 set size:72573 disposed:false
105 silly fetch manifest @img/sharp-darwin-x64@0.34.5
106 silly packumentCache full:https://registry.npmjs.org/@img%2fsharp-darwin-x64 cache-miss
107 http fetch GET 200 https://registry.npmjs.org/@img%2fsharp-win32-x64 305ms (cache revalidated)
108 silly packumentCache full:https://registry.npmjs.org/@img%2fsharp-win32-x64 set size:70455 disposed:false
109 silly fetch manifest @img/sharp-win32-ia32@0.34.5
110 silly packumentCache full:https://registry.npmjs.org/@img%2fsharp-win32-ia32 cache-miss
111 http fetch GET 200 https://registry.npmjs.org/@img%2fsharp-darwin-x64 294ms (cache revalidated)
112 silly packumentCache full:https://registry.npmjs.org/@img%2fsharp-darwin-x64 set size:73394 disposed:false
113 silly fetch manifest @img/sharp-linux-arm64@0.34.5
114 silly packumentCache full:https://registry.npmjs.org/@img%2fsharp-linux-arm64 cache-miss
115 http fetch GET 200 https://registry.npmjs.org/@img%2fsharp-win32-ia32 310ms (cache revalidated)
116 silly packumentCache full:https://registry.npmjs.org/@img%2fsharp-win32-ia32 set size:71129 disposed:false
117 silly fetch manifest @img/sharp-linux-ppc64@0.34.5
118 silly packumentCache full:https://registry.npmjs.org/@img%2fsharp-linux-ppc64 cache-miss
119 http fetch GET 200 https://registry.npmjs.org/@img%2fsharp-linux-arm64 318ms (cache revalidated)
120 silly packumentCache full:https://registry.npmjs.org/@img%2fsharp-linux-arm64 set size:73544 disposed:false
121 silly fetch manifest @img/sharp-linux-s390x@0.34.5
122 silly packumentCache full:https://registry.npmjs.org/@img%2fsharp-linux-s390x cache-miss
123 http fetch GET 200 https://registry.npmjs.org/@img%2fsharp-linux-ppc64 299ms (cache revalidated)
124 silly packumentCache full:https://registry.npmjs.org/@img%2fsharp-linux-ppc64 set size:38234 disposed:false
125 silly fetch manifest @img/sharp-win32-arm64@0.34.5
126 silly packumentCache full:https://registry.npmjs.org/@img%2fsharp-win32-arm64 cache-miss
127 http fetch GET 200 https://registry.npmjs.org/@img%2fsharp-linux-s390x 320ms (cache revalidated)
128 silly packumentCache full:https://registry.npmjs.org/@img%2fsharp-linux-s390x set size:71495 disposed:false
129 silly fetch manifest @img/sharp-darwin-arm64@0.34.5
130 silly packumentCache full:https://registry.npmjs.org/@img%2fsharp-darwin-arm64 cache-miss
131 http fetch GET 200 https://registry.npmjs.org/@img%2fsharp-win32-arm64 339ms (cache revalidated)
132 silly packumentCache full:https://registry.npmjs.org/@img%2fsharp-win32-arm64 set size:30077 disposed:false
133 silly fetch manifest @img/sharp-linux-riscv64@0.34.5
134 silly packumentCache full:https://registry.npmjs.org/@img%2fsharp-linux-riscv64 cache-miss
135 http fetch GET 200 https://registry.npmjs.org/@img%2fsharp-darwin-arm64 564ms (cache revalidated)
136 silly packumentCache full:https://registry.npmjs.org/@img%2fsharp-darwin-arm64 set size:74391 disposed:false
137 silly fetch manifest @img/sharp-linuxmusl-x64@0.34.5
138 silly packumentCache full:https://registry.npmjs.org/@img%2fsharp-linuxmusl-x64 cache-miss
139 http fetch GET 200 https://registry.npmjs.org/@img%2fsharp-linux-riscv64 625ms (cache revalidated)
140 silly packumentCache full:https://registry.npmjs.org/@img%2fsharp-linux-riscv64 set size:15370 disposed:false
141 silly fetch manifest @img/sharp-linuxmusl-arm64@0.34.5
142 silly packumentCache full:https://registry.npmjs.org/@img%2fsharp-linuxmusl-arm64 cache-miss
143 http fetch GET 200 https://registry.npmjs.org/@img%2fsharp-linuxmusl-x64 318ms (cache revalidated)
144 silly packumentCache full:https://registry.npmjs.org/@img%2fsharp-linuxmusl-x64 set size:73751 disposed:false
145 silly fetch manifest @img/sharp-libvips-linux-arm@1.2.4
146 silly packumentCache full:https://registry.npmjs.org/@img%2fsharp-libvips-linux-arm cache-miss
147 silly fetch manifest @img/sharp-libvips-linux-x64@1.2.4
148 silly packumentCache full:https://registry.npmjs.org/@img%2fsharp-libvips-linux-x64 cache-miss
149 http fetch GET 200 https://registry.npmjs.org/@img%2fsharp-linuxmusl-arm64 298ms (cache revalidated)
150 silly packumentCache full:https://registry.npmjs.org/@img%2fsharp-linuxmusl-arm64 set size:74724 disposed:false
151 silly fetch manifest @img/sharp-libvips-darwin-x64@1.2.4
152 silly packumentCache full:https://registry.npmjs.org/@img%2fsharp-libvips-darwin-x64 cache-miss
153 http fetch GET 200 https://registry.npmjs.org/@img%2fsharp-libvips-linux-arm 320ms (cache revalidated)
154 silly packumentCache full:https://registry.npmjs.org/@img%2fsharp-libvips-linux-arm set size:64971 disposed:false
155 silly fetch manifest @img/sharp-libvips-linux-arm64@1.2.4
156 silly packumentCache full:https://registry.npmjs.org/@img%2fsharp-libvips-linux-arm64 cache-miss
157 http fetch GET 200 https://registry.npmjs.org/@img%2fsharp-libvips-linux-x64 323ms (cache revalidated)
158 silly packumentCache full:https://registry.npmjs.org/@img%2fsharp-libvips-linux-x64 set size:63004 disposed:false
159 silly fetch manifest @img/sharp-libvips-linux-ppc64@1.2.4
160 silly packumentCache full:https://registry.npmjs.org/@img%2fsharp-libvips-linux-ppc64 cache-miss
161 http fetch GET 200 https://registry.npmjs.org/@img%2fsharp-libvips-darwin-x64 323ms (cache revalidated)
162 silly packumentCache full:https://registry.npmjs.org/@img%2fsharp-libvips-darwin-x64 set size:58117 disposed:false
163 silly fetch manifest @img/sharp-libvips-linux-s390x@1.2.4
164 silly packumentCache full:https://registry.npmjs.org/@img%2fsharp-libvips-linux-s390x cache-miss
165 http fetch GET 200 https://registry.npmjs.org/@img%2fsharp-libvips-linux-arm64 341ms (cache revalidated)
166 silly packumentCache full:https://registry.npmjs.org/@img%2fsharp-libvips-linux-arm64 set size:61885 disposed:false
167 silly fetch manifest @img/sharp-libvips-darwin-arm64@1.2.4
168 silly packumentCache full:https://registry.npmjs.org/@img%2fsharp-libvips-darwin-arm64 cache-miss
169 http fetch GET 200 https://registry.npmjs.org/@img%2fsharp-libvips-darwin-arm64 298ms (cache revalidated)
170 silly packumentCache full:https://registry.npmjs.org/@img%2fsharp-libvips-darwin-arm64 set size:58776 disposed:false
171 silly fetch manifest @img/sharp-libvips-linux-riscv64@1.2.4
172 silly packumentCache full:https://registry.npmjs.org/@img%2fsharp-libvips-linux-riscv64 cache-miss
173 http fetch GET 200 https://registry.npmjs.org/@img%2fsharp-libvips-linux-ppc64 788ms (cache revalidated)
174 silly packumentCache full:https://registry.npmjs.org/@img%2fsharp-libvips-linux-ppc64 set size:49094 disposed:false
175 silly fetch manifest @img/sharp-libvips-linuxmusl-x64@1.2.4
176 silly packumentCache full:https://registry.npmjs.org/@img%2fsharp-libvips-linuxmusl-x64 cache-miss
177 http fetch GET 200 https://registry.npmjs.org/@img%2fsharp-libvips-linux-s390x 772ms (cache revalidated)
178 silly packumentCache full:https://registry.npmjs.org/@img%2fsharp-libvips-linux-s390x set size:58076 disposed:false
179 silly fetch manifest @img/sharp-libvips-linuxmusl-arm64@1.2.4
180 silly packumentCache full:https://registry.npmjs.org/@img%2fsharp-libvips-linuxmusl-arm64 cache-miss
181 http fetch GET 200 https://registry.npmjs.org/@img%2fsharp-libvips-linux-riscv64 327ms (cache revalidated)
182 silly packumentCache full:https://registry.npmjs.org/@img%2fsharp-libvips-linux-riscv64 set size:35087 disposed:false
183 http fetch GET 200 https://registry.npmjs.org/@img%2fsharp-libvips-linuxmusl-x64 351ms (cache revalidated)
184 silly packumentCache full:https://registry.npmjs.org/@img%2fsharp-libvips-linuxmusl-x64 set size:60090 disposed:false
185 http fetch GET 200 https://registry.npmjs.org/@img%2fsharp-libvips-linuxmusl-arm64 333ms (cache revalidated)
186 silly packumentCache full:https://registry.npmjs.org/@img%2fsharp-libvips-linuxmusl-arm64 set size:60788 disposed:false
187 silly fetch manifest bufferutil@^4.0.1
188 silly packumentCache full:https://registry.npmjs.org/bufferutil cache-miss
189 http fetch GET 200 https://registry.npmjs.org/bufferutil 296ms (cache revalidated)
190 silly packumentCache full:https://registry.npmjs.org/bufferutil set size:52763 disposed:false
191 silly fetch manifest utf-8-validate@>=5.0.2
192 silly packumentCache full:https://registry.npmjs.org/utf-8-validate cache-miss
193 http fetch GET 200 https://registry.npmjs.org/utf-8-validate 284ms (cache revalidated)
194 silly packumentCache full:https://registry.npmjs.org/utf-8-validate set size:77148 disposed:false
195 silly placeDep ROOT @cacheable/node-cache@1.7.6 OK for: @whiskeysockets/baileys@7.0.0-rc.9 want: ^1.4.0
196 silly placeDep ROOT @hapi/boom@9.1.4 OK for: @whiskeysockets/baileys@7.0.0-rc.9 want: ^9.1.3
197 silly placeDep ROOT async-mutex@0.5.0 OK for: @whiskeysockets/baileys@7.0.0-rc.9 want: ^0.5.0
198 silly placeDep ROOT libsignal@2.0.1 OK for: @whiskeysockets/baileys@7.0.0-rc.9 want: git+https://github.com/whiskeysockets/libsignal-node.git
199 silly placeDep ROOT lru-cache@11.3.5 OK for: @whiskeysockets/baileys@7.0.0-rc.9 want: ^11.1.0
200 silly placeDep ROOT music-metadata@11.12.3 OK for: @whiskeysockets/baileys@7.0.0-rc.9 want: ^11.7.0
201 silly placeDep ROOT p-queue@9.1.2 OK for: @whiskeysockets/baileys@7.0.0-rc.9 want: ^9.0.0
202 silly placeDep ROOT pino@9.14.0 OK for: @whiskeysockets/baileys@7.0.0-rc.9 want: ^9.6
203 silly placeDep ROOT protobufjs@7.5.5 OK for: @whiskeysockets/baileys@7.0.0-rc.9 want: ^7.2.4
204 silly placeDep ROOT ws@8.20.0 OK for: @whiskeysockets/baileys@7.0.0-rc.9 want: ^8.13.0
205 silly fetch manifest keyv@^5.5.5
206 silly packumentCache full:https://registry.npmjs.org/keyv cache-miss
207 silly fetch manifest cacheable@^2.3.1
208 silly packumentCache full:https://registry.npmjs.org/cacheable cache-miss
209 silly fetch manifest hookified@^1.14.0
210 silly packumentCache full:https://registry.npmjs.org/hookified cache-miss
211 http fetch GET 200 https://registry.npmjs.org/keyv 309ms (cache revalidated)
212 silly packumentCache full:https://registry.npmjs.org/keyv set size:215840 disposed:false
213 silly fetch manifest @hapi/hoek@9.x.x
214 silly packumentCache full:https://registry.npmjs.org/@hapi%2fhoek cache-miss
215 http fetch GET 200 https://registry.npmjs.org/cacheable 367ms (cache revalidated)
216 silly packumentCache full:https://registry.npmjs.org/cacheable set size:153828 disposed:false
217 silly fetch manifest tslib@^2.4.0
218 silly packumentCache full:https://registry.npmjs.org/tslib cache-miss
219 http fetch GET 200 https://registry.npmjs.org/@hapi%2fhoek 355ms (cache revalidated)
220 silly packumentCache full:https://registry.npmjs.org/@hapi%2fhoek set size:121471 disposed:false
221 silly fetch manifest curve25519-js@^0.0.4
222 silly packumentCache full:https://registry.npmjs.org/curve25519-js cache-miss
223 http fetch GET 200 https://registry.npmjs.org/tslib 350ms (cache revalidated)
224 silly packumentCache full:https://registry.npmjs.org/tslib set size:108760 disposed:false
225 silly fetch manifest protobufjs@6.8.8
226 silly packumentCache full:https://registry.npmjs.org/protobufjs cache-hit
227 silly fetch manifest debug@^4.4.3
228 silly packumentCache full:https://registry.npmjs.org/debug cache-miss
229 http fetch GET 200 https://registry.npmjs.org/hookified 801ms (cache revalidated)
230 silly packumentCache full:https://registry.npmjs.org/hookified set size:143273 disposed:false
231 silly fetch manifest strtok3@^10.3.4
232 silly packumentCache full:https://registry.npmjs.org/strtok3 cache-miss
233 http fetch GET 200 https://registry.npmjs.org/debug 389ms (cache revalidated)
234 silly packumentCache full:https://registry.npmjs.org/debug set size:195840 disposed:false
235 silly fetch manifest win-guid@^0.2.1
236 silly packumentCache full:https://registry.npmjs.org/win-guid cache-miss
237 http fetch GET 200 https://registry.npmjs.org/strtok3 390ms (cache revalidated)
238 silly packumentCache full:https://registry.npmjs.org/strtok3 set size:412240 disposed:false
239 silly fetch manifest file-type@^21.3.1
240 silly packumentCache full:https://registry.npmjs.org/file-type cache-miss
241 http fetch GET 200 https://registry.npmjs.org/curve25519-js 729ms (cache revalidated)
242 silly packumentCache full:https://registry.npmjs.org/curve25519-js set size:15295 disposed:false
243 silly fetch manifest media-typer@^1.1.0
244 silly packumentCache full:https://registry.npmjs.org/media-typer cache-miss
245 http fetch GET 200 https://registry.npmjs.org/win-guid 431ms (cache revalidated)
246 silly packumentCache full:https://registry.npmjs.org/win-guid set size:11017 disposed:false
247 silly fetch manifest token-types@^6.1.2
248 silly packumentCache full:https://registry.npmjs.org/token-types cache-miss
249 http fetch GET 200 https://registry.npmjs.org/file-type 401ms (cache revalidated)
250 silly packumentCache full:https://registry.npmjs.org/file-type set size:558008 disposed:false
251 silly fetch manifest content-type@^1.0.5
252 silly packumentCache full:https://registry.npmjs.org/content-type cache-miss
253 http fetch GET 200 https://registry.npmjs.org/media-typer 394ms (cache revalidated)
254 silly packumentCache full:https://registry.npmjs.org/media-typer set size:20873 disposed:false
255 silly fetch manifest @tokenizer/token@^0.3.0
256 silly packumentCache full:https://registry.npmjs.org/@tokenizer%2ftoken cache-miss
257 http fetch GET 200 https://registry.npmjs.org/token-types 307ms (cache revalidated)
258 silly packumentCache full:https://registry.npmjs.org/token-types set size:155133 disposed:false
259 silly fetch manifest uint8array-extras@^1.5.0
260 silly packumentCache full:https://registry.npmjs.org/uint8array-extras cache-miss
261 http fetch GET 200 https://registry.npmjs.org/content-type 292ms (cache revalidated)
262 silly packumentCache full:https://registry.npmjs.org/content-type set size:17311 disposed:false
263 silly fetch manifest @borewit/text-codec@^0.2.2
264 silly packumentCache full:https://registry.npmjs.org/@borewit%2ftext-codec cache-miss
265 http fetch GET 200 https://registry.npmjs.org/@tokenizer%2ftoken 316ms (cache revalidated)
266 silly packumentCache full:https://registry.npmjs.org/@tokenizer%2ftoken set size:11833 disposed:false
267 silly fetch manifest eventemitter3@^5.0.1
268 silly packumentCache full:https://registry.npmjs.org/eventemitter3 cache-miss
269 http fetch GET 200 https://registry.npmjs.org/uint8array-extras 307ms (cache revalidated)
270 silly packumentCache full:https://registry.npmjs.org/uint8array-extras set size:36606 disposed:false
271 silly fetch manifest p-timeout@^7.0.0
272 silly packumentCache full:https://registry.npmjs.org/p-timeout cache-miss
273 http fetch GET 200 https://registry.npmjs.org/eventemitter3 311ms (cache revalidated)
274 silly packumentCache full:https://registry.npmjs.org/eventemitter3 set size:92292 disposed:false
275 silly fetch manifest sonic-boom@^4.0.1
276 silly packumentCache full:https://registry.npmjs.org/sonic-boom cache-miss
277 http fetch GET 200 https://registry.npmjs.org/p-timeout 285ms (cache revalidated)
278 silly packumentCache full:https://registry.npmjs.org/p-timeout set size:60739 disposed:false
279 silly fetch manifest atomic-sleep@^1.0.0
280 silly packumentCache full:https://registry.npmjs.org/atomic-sleep cache-miss
281 http fetch GET 200 https://registry.npmjs.org/@borewit%2ftext-codec 580ms (cache revalidated)
282 silly packumentCache full:https://registry.npmjs.org/@borewit%2ftext-codec set size:15427 disposed:false
283 silly fetch manifest real-require@^0.2.0
284 silly packumentCache full:https://registry.npmjs.org/real-require cache-miss
285 http fetch GET 200 https://registry.npmjs.org/sonic-boom 290ms (cache revalidated)
286 silly packumentCache full:https://registry.npmjs.org/sonic-boom set size:170649 disposed:false
287 silly fetch manifest thread-stream@^3.0.0
288 silly packumentCache full:https://registry.npmjs.org/thread-stream cache-miss
289 http fetch GET 200 https://registry.npmjs.org/atomic-sleep 343ms (cache revalidated)
290 silly packumentCache full:https://registry.npmjs.org/atomic-sleep set size:5192 disposed:false
291 silly fetch manifest @pinojs/redact@^0.4.0
292 silly packumentCache full:https://registry.npmjs.org/@pinojs%2fredact cache-miss
293 http fetch GET 200 https://registry.npmjs.org/real-require 292ms (cache revalidated)
294 silly packumentCache full:https://registry.npmjs.org/real-require set size:10884 disposed:false
295 silly fetch manifest process-warning@^5.0.0
296 silly packumentCache full:https://registry.npmjs.org/process-warning cache-miss
297 http fetch GET 200 https://registry.npmjs.org/thread-stream 282ms (cache revalidated)
298 silly packumentCache full:https://registry.npmjs.org/thread-stream set size:127672 disposed:false
299 silly fetch manifest on-exit-leak-free@^2.1.0
300 silly packumentCache full:https://registry.npmjs.org/on-exit-leak-free cache-miss
301 http fetch GET 200 https://registry.npmjs.org/process-warning 279ms (cache revalidated)
302 silly packumentCache full:https://registry.npmjs.org/process-warning set size:32480 disposed:false
303 silly fetch manifest pino-std-serializers@^7.0.0
304 silly packumentCache full:https://registry.npmjs.org/pino-std-serializers cache-miss
305 http fetch GET 200 https://registry.npmjs.org/@pinojs%2fredact 389ms (cache revalidated)
306 silly packumentCache full:https://registry.npmjs.org/@pinojs%2fredact set size:16907 disposed:false
307 silly fetch manifest safe-stable-stringify@^2.3.1
308 silly packumentCache full:https://registry.npmjs.org/safe-stable-stringify cache-miss
309 http fetch GET 200 https://registry.npmjs.org/on-exit-leak-free 268ms (cache revalidated)
310 silly packumentCache full:https://registry.npmjs.org/on-exit-leak-free set size:18719 disposed:false
311 silly fetch manifest quick-format-unescaped@^4.0.3
312 silly packumentCache full:https://registry.npmjs.org/quick-format-unescaped cache-miss
313 http fetch GET 200 https://registry.npmjs.org/pino-std-serializers 273ms (cache revalidated)
314 silly packumentCache full:https://registry.npmjs.org/pino-std-serializers set size:96176 disposed:false
315 silly fetch manifest pino-abstract-transport@^2.0.0
316 silly packumentCache full:https://registry.npmjs.org/pino-abstract-transport cache-miss
317 http fetch GET 200 https://registry.npmjs.org/safe-stable-stringify 268ms (cache revalidated)
318 silly packumentCache full:https://registry.npmjs.org/safe-stable-stringify set size:45091 disposed:false
319 silly fetch manifest @protobufjs/aspromise@^1.1.2
320 silly packumentCache full:https://registry.npmjs.org/@protobufjs%2faspromise cache-miss
321 http fetch GET 200 https://registry.npmjs.org/quick-format-unescaped 276ms (cache revalidated)
322 silly packumentCache full:https://registry.npmjs.org/quick-format-unescaped set size:36121 disposed:false
323 silly fetch manifest @protobufjs/base64@^1.1.2
324 silly packumentCache full:https://registry.npmjs.org/@protobufjs%2fbase64 cache-miss
325 http fetch GET 200 https://registry.npmjs.org/pino-abstract-transport 278ms (cache revalidated)
326 silly packumentCache full:https://registry.npmjs.org/pino-abstract-transport set size:28687 disposed:false
327 silly fetch manifest @protobufjs/codegen@^2.0.4
328 silly packumentCache full:https://registry.npmjs.org/@protobufjs%2fcodegen cache-miss
329 http fetch GET 200 https://registry.npmjs.org/@protobufjs%2faspromise 348ms (cache revalidated)
330 silly packumentCache full:https://registry.npmjs.org/@protobufjs%2faspromise set size:11438 disposed:false
331 silly fetch manifest @protobufjs/eventemitter@^1.1.0
332 silly packumentCache full:https://registry.npmjs.org/@protobufjs%2feventemitter cache-miss
333 http fetch GET 200 https://registry.npmjs.org/@protobufjs%2fbase64 301ms (cache revalidated)
334 silly packumentCache full:https://registry.npmjs.org/@protobufjs%2fbase64 set size:14176 disposed:false
335 silly fetch manifest @protobufjs/fetch@^1.1.0
336 silly packumentCache full:https://registry.npmjs.org/@protobufjs%2ffetch cache-miss
337 http fetch GET 200 https://registry.npmjs.org/@protobufjs%2fcodegen 300ms (cache revalidated)
338 silly packumentCache full:https://registry.npmjs.org/@protobufjs%2fcodegen set size:22005 disposed:false
339 silly fetch manifest @protobufjs/float@^1.0.2
340 silly packumentCache full:https://registry.npmjs.org/@protobufjs%2ffloat cache-miss
341 http fetch GET 200 https://registry.npmjs.org/@protobufjs%2feventemitter 332ms (cache revalidated)
342 silly packumentCache full:https://registry.npmjs.org/@protobufjs%2feventemitter set size:11306 disposed:false
343 silly fetch manifest @protobufjs/inquire@^1.1.0
344 silly packumentCache full:https://registry.npmjs.org/@protobufjs%2finquire cache-miss
345 http fetch GET 200 https://registry.npmjs.org/@protobufjs%2ffetch 319ms (cache revalidated)
346 silly packumentCache full:https://registry.npmjs.org/@protobufjs%2ffetch set size:10099 disposed:false
347 silly fetch manifest @protobufjs/path@^1.1.2
348 silly packumentCache full:https://registry.npmjs.org/@protobufjs%2fpath cache-miss
349 http fetch GET 200 https://registry.npmjs.org/@protobufjs%2ffloat 286ms (cache revalidated)
350 silly packumentCache full:https://registry.npmjs.org/@protobufjs%2ffloat set size:9957 disposed:false
351 silly fetch manifest @protobufjs/pool@^1.1.0
352 silly packumentCache full:https://registry.npmjs.org/@protobufjs%2fpool cache-miss
353 http fetch GET 200 https://registry.npmjs.org/@protobufjs%2fpath 303ms (cache revalidated)
354 silly packumentCache full:https://registry.npmjs.org/@protobufjs%2fpath set size:10241 disposed:false
355 silly fetch manifest @protobufjs/utf8@^1.1.0
356 silly packumentCache full:https://registry.npmjs.org/@protobufjs%2futf8 cache-miss
357 http fetch GET 200 https://registry.npmjs.org/@protobufjs%2finquire 338ms (cache revalidated)
358 silly packumentCache full:https://registry.npmjs.org/@protobufjs%2finquire set size:6983 disposed:false
359 silly fetch manifest @types/node@>=13.7.0
360 silly packumentCache full:https://registry.npmjs.org/@types%2fnode cache-miss
361 http fetch GET 200 https://registry.npmjs.org/@protobufjs%2fpool 312ms (cache revalidated)
362 silly packumentCache full:https://registry.npmjs.org/@protobufjs%2fpool set size:10727 disposed:false
363 silly fetch manifest long@^5.0.0
364 silly packumentCache full:https://registry.npmjs.org/long cache-miss
365 http fetch GET 200 https://registry.npmjs.org/@protobufjs%2futf8 322ms (cache revalidated)
366 silly packumentCache full:https://registry.npmjs.org/@protobufjs%2futf8 set size:13750 disposed:false
367 http fetch GET 200 https://registry.npmjs.org/@types%2fnode 677ms (cache revalidated)
368 silly packumentCache full:https://registry.npmjs.org/@types%2fnode set size:10972342 disposed:false
369 http fetch GET 200 https://registry.npmjs.org/long 1795ms (cache revalidated)
370 silly packumentCache full:https://registry.npmjs.org/long set size:80704 disposed:false
371 silly placeDep ROOT cacheable@2.3.4 OK for: @cacheable/node-cache@1.7.6 want: ^2.3.1
372 silly placeDep ROOT hookified@1.15.1 OK for: @cacheable/node-cache@1.7.6 want: ^1.14.0
373 silly placeDep ROOT keyv@5.6.0 OK for: @cacheable/node-cache@1.7.6 want: ^5.5.5
374 silly fetch manifest hookified@^1.15.0
375 silly packumentCache full:https://registry.npmjs.org/hookified cache-hit
376 silly fetch manifest keyv@^5.6.0
377 silly packumentCache full:https://registry.npmjs.org/keyv cache-hit
378 silly fetch manifest qified@^0.9.0
379 silly packumentCache full:https://registry.npmjs.org/qified cache-miss
380 silly fetch manifest @cacheable/utils@^2.4.0
381 silly packumentCache full:https://registry.npmjs.org/@cacheable%2futils cache-miss
382 silly fetch manifest @cacheable/memory@^2.0.8
383 silly packumentCache full:https://registry.npmjs.org/@cacheable%2fmemory cache-miss
384 http fetch GET 200 https://registry.npmjs.org/@cacheable%2fmemory 459ms (cache revalidated)
385 silly packumentCache full:https://registry.npmjs.org/@cacheable%2fmemory set size:49828 disposed:false
386 silly fetch manifest @keyv/serialize@^1.1.1
387 silly packumentCache full:https://registry.npmjs.org/@keyv%2fserialize cache-miss
388 http fetch GET 200 https://registry.npmjs.org/qified 536ms (cache revalidated)
389 silly packumentCache full:https://registry.npmjs.org/qified set size:58539 disposed:false
390 http fetch GET 200 https://registry.npmjs.org/@cacheable%2futils 507ms (cache revalidated)
391 silly packumentCache full:https://registry.npmjs.org/@cacheable%2futils set size:60483 disposed:false
392 http fetch GET 200 https://registry.npmjs.org/@keyv%2fserialize 502ms (cache revalidated)
393 silly packumentCache full:https://registry.npmjs.org/@keyv%2fserialize set size:23172 disposed:false
394 silly placeDep ROOT @hapi/hoek@9.3.0 OK for: @hapi/boom@9.1.4 want: 9.x.x
395 silly placeDep ROOT tslib@2.8.1 OK for: async-mutex@0.5.0 want: ^2.4.0
396 silly placeDep ROOT @cacheable/memory@2.0.8 OK for: cacheable@2.3.4 want: ^2.0.8
397 silly placeDep ROOT @cacheable/utils@2.4.1 OK for: cacheable@2.3.4 want: ^2.4.0
398 silly placeDep ROOT qified@0.9.1 OK for: cacheable@2.3.4 want: ^0.9.0
399 silly fetch manifest @keyv/bigmap@^1.3.1
400 silly packumentCache full:https://registry.npmjs.org/@keyv%2fbigmap cache-miss
401 silly fetch manifest hashery@^1.5.1
402 silly packumentCache full:https://registry.npmjs.org/hashery cache-miss
403 silly fetch manifest hookified@^2.1.1
404 silly packumentCache full:https://registry.npmjs.org/hookified cache-hit
405 http fetch GET 200 https://registry.npmjs.org/hashery 296ms (cache revalidated)
406 silly packumentCache full:https://registry.npmjs.org/hashery set size:75282 disposed:false
407 http fetch GET 200 https://registry.npmjs.org/@keyv%2fbigmap 760ms (cache revalidated)
408 silly packumentCache full:https://registry.npmjs.org/@keyv%2fbigmap set size:27467 disposed:false
409 silly placeDep ROOT @keyv/bigmap@1.3.1 OK for: @cacheable/memory@2.0.8 want: ^1.3.1
410 silly fetch manifest hashery@^1.4.0
411 silly packumentCache full:https://registry.npmjs.org/hashery cache-hit
412 silly placeDep ROOT hashery@1.5.1 OK for: @cacheable/utils@2.4.1 want: ^1.5.1
413 silly placeDep ROOT @keyv/serialize@1.1.1 OK for: keyv@5.6.0 want: ^1.1.1
414 silly placeDep ROOT curve25519-js@0.0.4 OK for: @whiskeysockets/libsignal-node@2.0.1 want: ^0.0.4
415 silly placeDep node_modules/libsignal protobufjs@6.8.8 OK for: @whiskeysockets/libsignal-node@2.0.1 want: 6.8.8
416 silly fetch manifest long@^4.0.0
417 silly packumentCache full:https://registry.npmjs.org/long cache-hit
418 silly fetch manifest @types/long@^4.0.0
419 silly packumentCache full:https://registry.npmjs.org/@types%2flong cache-miss
420 silly fetch manifest @types/node@^10.1.0
421 silly packumentCache full:https://registry.npmjs.org/@types%2fnode cache-miss
422 http cache https://registry.npmjs.org/@types%2fnode 359ms (cache hit)
423 silly packumentCache full:https://registry.npmjs.org/@types%2fnode set size:10972342 disposed:false
424 http fetch GET 200 https://registry.npmjs.org/@types%2flong 1634ms (cache revalidated)
425 silly packumentCache full:https://registry.npmjs.org/@types%2flong set size:28711 disposed:false
426 silly placeDep ROOT @borewit/text-codec@0.2.2 OK for: music-metadata@11.12.3 want: ^0.2.2
427 silly placeDep ROOT @tokenizer/token@0.3.0 OK for: music-metadata@11.12.3 want: ^0.3.0
428 silly placeDep ROOT content-type@1.0.5 OK for: music-metadata@11.12.3 want: ^1.0.5
429 silly placeDep ROOT debug@4.4.3 OK for: music-metadata@11.12.3 want: ^4.4.3
430 silly placeDep ROOT file-type@21.3.4 OK for: music-metadata@11.12.3 want: ^21.3.1
431 silly placeDep ROOT media-typer@1.1.0 OK for: music-metadata@11.12.3 want: ^1.1.0
432 silly placeDep ROOT strtok3@10.3.5 OK for: music-metadata@11.12.3 want: ^10.3.4
433 silly placeDep ROOT token-types@6.1.2 OK for: music-metadata@11.12.3 want: ^6.1.2
434 silly placeDep ROOT uint8array-extras@1.5.0 OK for: music-metadata@11.12.3 want: ^1.5.0
435 silly placeDep ROOT win-guid@0.2.1 OK for: music-metadata@11.12.3 want: ^0.2.1
436 silly fetch manifest ms@^2.1.3
437 silly packumentCache full:https://registry.npmjs.org/ms cache-miss
438 silly fetch manifest token-types@^6.1.1
439 silly packumentCache full:https://registry.npmjs.org/token-types cache-hit
440 silly fetch manifest uint8array-extras@^1.4.0
441 silly packumentCache full:https://registry.npmjs.org/uint8array-extras cache-hit
442 silly fetch manifest @tokenizer/inflate@^0.4.1
443 silly packumentCache full:https://registry.npmjs.org/@tokenizer%2finflate cache-miss
444 silly fetch manifest ieee754@^1.2.1
445 silly packumentCache full:https://registry.npmjs.org/ieee754 cache-miss
446 http fetch GET 200 https://registry.npmjs.org/ms 313ms (cache revalidated)
447 silly packumentCache full:https://registry.npmjs.org/ms set size:92208 disposed:false
448 http fetch GET 200 https://registry.npmjs.org/ieee754 333ms (cache revalidated)
449 silly packumentCache full:https://registry.npmjs.org/ieee754 set size:34910 disposed:false
450 http fetch GET 200 https://registry.npmjs.org/@tokenizer%2finflate 357ms (cache revalidated)
451 silly packumentCache full:https://registry.npmjs.org/@tokenizer%2finflate set size:32390 disposed:false
452 silly placeDep ROOT ms@2.1.3 OK for: debug@4.4.3 want: ^2.1.3
453 silly placeDep ROOT @tokenizer/inflate@0.4.1 OK for: file-type@21.3.4 want: ^0.4.1
454 silly placeDep ROOT eventemitter3@5.0.4 OK for: p-queue@9.1.2 want: ^5.0.1
455 silly placeDep ROOT p-timeout@7.0.1 OK for: p-queue@9.1.2 want: ^7.0.0
456 silly placeDep ROOT @pinojs/redact@0.4.0 OK for: pino@9.14.0 want: ^0.4.0
457 silly placeDep ROOT atomic-sleep@1.0.0 OK for: pino@9.14.0 want: ^1.0.0
458 silly placeDep ROOT on-exit-leak-free@2.1.2 OK for: pino@9.14.0 want: ^2.1.0
459 silly placeDep ROOT pino-abstract-transport@2.0.0 OK for: pino@9.14.0 want: ^2.0.0
460 silly placeDep ROOT pino-std-serializers@7.1.0 OK for: pino@9.14.0 want: ^7.0.0
461 silly placeDep ROOT process-warning@5.0.0 OK for: pino@9.14.0 want: ^5.0.0
462 silly placeDep ROOT quick-format-unescaped@4.0.4 OK for: pino@9.14.0 want: ^4.0.3
463 silly placeDep ROOT real-require@0.2.0 OK for: pino@9.14.0 want: ^0.2.0
464 silly placeDep ROOT safe-stable-stringify@2.5.0 OK for: pino@9.14.0 want: ^2.3.1
465 silly placeDep ROOT sonic-boom@4.2.1 OK for: pino@9.14.0 want: ^4.0.1
466 silly placeDep ROOT thread-stream@3.1.0 OK for: pino@9.14.0 want: ^3.0.0
467 silly fetch manifest split2@^4.0.0
468 silly packumentCache full:https://registry.npmjs.org/split2 cache-miss
469 http fetch GET 200 https://registry.npmjs.org/split2 413ms (cache revalidated)
470 silly packumentCache full:https://registry.npmjs.org/split2 set size:47438 disposed:false
471 silly placeDep ROOT split2@4.2.0 OK for: pino-abstract-transport@2.0.0 want: ^4.0.0
472 silly placeDep ROOT @protobufjs/aspromise@1.1.2 OK for: protobufjs@7.5.5 want: ^1.1.2
473 silly placeDep ROOT @protobufjs/base64@1.1.2 OK for: protobufjs@7.5.5 want: ^1.1.2
474 silly placeDep ROOT @protobufjs/codegen@2.0.4 OK for: protobufjs@7.5.5 want: ^2.0.4
475 silly placeDep ROOT @protobufjs/eventemitter@1.1.0 OK for: protobufjs@7.5.5 want: ^1.1.0
476 silly placeDep ROOT @protobufjs/fetch@1.1.0 OK for: protobufjs@7.5.5 want: ^1.1.0
477 silly placeDep ROOT @protobufjs/float@1.0.2 OK for: protobufjs@7.5.5 want: ^1.0.2
478 silly placeDep ROOT @protobufjs/inquire@1.1.0 OK for: protobufjs@7.5.5 want: ^1.1.0
479 silly placeDep ROOT @protobufjs/path@1.1.2 OK for: protobufjs@7.5.5 want: ^1.1.2
480 silly placeDep ROOT @protobufjs/pool@1.1.0 OK for: protobufjs@7.5.5 want: ^1.1.0
481 silly placeDep ROOT @protobufjs/utf8@1.1.0 OK for: protobufjs@7.5.5 want: ^1.1.0
482 silly placeDep ROOT @types/node@25.6.0 OK for: protobufjs@7.5.5 want: >=13.7.0
483 silly placeDep ROOT long@5.3.2 OK for: protobufjs@7.5.5 want: ^5.0.0
484 silly fetch manifest undici-types@~7.19.0
485 silly packumentCache full:https://registry.npmjs.org/undici-types cache-miss
486 http fetch GET 200 https://registry.npmjs.org/undici-types 277ms (cache revalidated)
487 silly packumentCache full:https://registry.npmjs.org/undici-types set size:210150 disposed:false
488 silly placeDep ROOT undici-types@7.19.2 OK for: @types/node@25.6.0 want: ~7.19.0
489 silly placeDep node_modules/qified hookified@2.1.1 OK for: qified@0.9.1 want: ^2.1.1
490 silly placeDep ROOT @img/colour@1.1.0 OK for: sharp@0.34.5 want: ^1.0.0
491 silly placeDep ROOT @img/sharp-darwin-arm64@0.34.5 OK for: sharp@0.34.5 want: 0.34.5
492 silly placeDep ROOT @img/sharp-darwin-x64@0.34.5 OK for: sharp@0.34.5 want: 0.34.5
493 silly placeDep ROOT @img/sharp-libvips-darwin-arm64@1.2.4 OK for: sharp@0.34.5 want: 1.2.4
494 silly placeDep ROOT @img/sharp-libvips-darwin-x64@1.2.4 OK for: sharp@0.34.5 want: 1.2.4
495 silly placeDep ROOT @img/sharp-libvips-linux-arm@1.2.4 OK for: sharp@0.34.5 want: 1.2.4
496 silly placeDep ROOT @img/sharp-libvips-linux-arm64@1.2.4 OK for: sharp@0.34.5 want: 1.2.4
497 silly placeDep ROOT @img/sharp-libvips-linux-ppc64@1.2.4 OK for: sharp@0.34.5 want: 1.2.4
498 silly placeDep ROOT @img/sharp-libvips-linux-riscv64@1.2.4 OK for: sharp@0.34.5 want: 1.2.4
499 silly placeDep ROOT @img/sharp-libvips-linux-s390x@1.2.4 OK for: sharp@0.34.5 want: 1.2.4
500 silly placeDep ROOT @img/sharp-libvips-linux-x64@1.2.4 OK for: sharp@0.34.5 want: 1.2.4
501 silly placeDep ROOT @img/sharp-libvips-linuxmusl-arm64@1.2.4 OK for: sharp@0.34.5 want: 1.2.4
502 silly placeDep ROOT @img/sharp-libvips-linuxmusl-x64@1.2.4 OK for: sharp@0.34.5 want: 1.2.4
503 silly placeDep ROOT @img/sharp-linux-arm@0.34.5 OK for: sharp@0.34.5 want: 0.34.5
504 silly placeDep ROOT @img/sharp-linux-arm64@0.34.5 OK for: sharp@0.34.5 want: 0.34.5
505 silly placeDep ROOT @img/sharp-linux-ppc64@0.34.5 OK for: sharp@0.34.5 want: 0.34.5
506 silly placeDep ROOT @img/sharp-linux-riscv64@0.34.5 OK for: sharp@0.34.5 want: 0.34.5
507 silly placeDep ROOT @img/sharp-linux-s390x@0.34.5 OK for: sharp@0.34.5 want: 0.34.5
508 silly placeDep ROOT @img/sharp-linux-x64@0.34.5 OK for: sharp@0.34.5 want: 0.34.5
509 silly placeDep ROOT @img/sharp-linuxmusl-arm64@0.34.5 OK for: sharp@0.34.5 want: 0.34.5
510 silly placeDep ROOT @img/sharp-linuxmusl-x64@0.34.5 OK for: sharp@0.34.5 want: 0.34.5
511 silly placeDep ROOT @img/sharp-wasm32@0.34.5 OK for: sharp@0.34.5 want: 0.34.5
512 silly placeDep ROOT @img/sharp-win32-arm64@0.34.5 OK for: sharp@0.34.5 want: 0.34.5
513 silly placeDep ROOT @img/sharp-win32-ia32@0.34.5 OK for: sharp@0.34.5 want: 0.34.5
514 silly placeDep ROOT @img/sharp-win32-x64@0.34.5 OK for: sharp@0.34.5 want: 0.34.5
515 silly placeDep ROOT detect-libc@2.1.2 OK for: sharp@0.34.5 want: ^2.1.2
516 silly placeDep ROOT semver@7.7.4 OK for: sharp@0.34.5 want: ^7.7.3
517 silly fetch manifest @emnapi/runtime@^1.7.0
518 silly packumentCache full:https://registry.npmjs.org/@emnapi%2fruntime cache-miss
519 http fetch GET 200 https://registry.npmjs.org/@emnapi%2fruntime 304ms (cache revalidated)
520 silly packumentCache full:https://registry.npmjs.org/@emnapi%2fruntime set size:108129 disposed:false
521 silly placeDep ROOT @emnapi/runtime@1.10.0 OK for: @img/sharp-wasm32@0.34.5 want: ^1.7.0
522 silly placeDep ROOT ieee754@1.2.1 OK for: token-types@6.1.2 want: ^1.2.1
523 silly placeDep ROOT @types/long@4.0.2 OK for: protobufjs@6.8.8 want: ^4.0.0
524 silly placeDep node_modules/libsignal @types/node@10.17.60 OK for: protobufjs@6.8.8 want: ^10.1.0
525 silly placeDep node_modules/libsignal long@4.0.0 OK for: protobufjs@6.8.8 want: ^4.0.0
526 silly reify moves {}
527 silly audit bulk request {
527 silly audit   '@whiskeysockets/baileys': [ '7.0.0-rc.9' ],
527 silly audit   sharp: [ '0.34.5' ],
527 silly audit   'qrcode-terminal': [ '0.12.0' ],
527 silly audit   '@cacheable/node-cache': [ '1.7.6' ],
527 silly audit   '@hapi/boom': [ '9.1.4' ],
527 silly audit   'async-mutex': [ '0.5.0' ],
527 silly audit   '@whiskeysockets/libsignal-node': [ '2.0.1' ],
527 silly audit   'lru-cache': [ '11.3.5' ],
527 silly audit   'music-metadata': [ '11.12.3' ],
527 silly audit   'p-queue': [ '9.1.2' ],
527 silly audit   pino: [ '9.14.0' ],
527 silly audit   protobufjs: [ '7.5.5', '6.8.8' ],
527 silly audit   ws: [ '8.20.0' ],
527 silly audit   cacheable: [ '2.3.4' ],
527 silly audit   hookified: [ '1.15.1', '2.1.1' ],
527 silly audit   keyv: [ '5.6.0' ],
527 silly audit   '@hapi/hoek': [ '9.3.0' ],
527 silly audit   tslib: [ '2.8.1' ],
527 silly audit   '@cacheable/memory': [ '2.0.8' ],
527 silly audit   '@cacheable/utils': [ '2.4.1' ],
527 silly audit   qified: [ '0.9.1' ],
527 silly audit   '@keyv/bigmap': [ '1.3.1' ],
527 silly audit   hashery: [ '1.5.1' ],
527 silly audit   '@keyv/serialize': [ '1.1.1' ],
527 silly audit   'curve25519-js': [ '0.0.4' ],
527 silly audit   '@borewit/text-codec': [ '0.2.2' ],
527 silly audit   '@tokenizer/token': [ '0.3.0' ],
527 silly audit   'content-type': [ '1.0.5' ],
527 silly audit   debug: [ '4.4.3' ],
527 silly audit   'file-type': [ '21.3.4' ],
527 silly audit   'media-typer': [ '1.1.0' ],
527 silly audit   strtok3: [ '10.3.5' ],
527 silly audit   'token-types': [ '6.1.2' ],
527 silly audit   'uint8array-extras': [ '1.5.0' ],
527 silly audit   'win-guid': [ '0.2.1' ],
527 silly audit   ms: [ '2.1.3' ],
527 silly audit   '@tokenizer/inflate': [ '0.4.1' ],
527 silly audit   eventemitter3: [ '5.0.4' ],
527 silly audit   'p-timeout': [ '7.0.1' ],
527 silly audit   '@pinojs/redact': [ '0.4.0' ],
527 silly audit   'atomic-sleep': [ '1.0.0' ],
527 silly audit   'on-exit-leak-free': [ '2.1.2' ],
527 silly audit   'pino-abstract-transport': [ '2.0.0' ],
527 silly audit   'pino-std-serializers': [ '7.1.0' ],
527 silly audit   'process-warning': [ '5.0.0' ],
527 silly audit   'quick-format-unescaped': [ '4.0.4' ],
527 silly audit   'real-require': [ '0.2.0' ],
527 silly audit   'safe-stable-stringify': [ '2.5.0' ],
527 silly audit   'sonic-boom': [ '4.2.1' ],
527 silly audit   'thread-stream': [ '3.1.0' ],
527 silly audit   split2: [ '4.2.0' ],
527 silly audit   '@protobufjs/aspromise': [ '1.1.2' ],
527 silly audit   '@protobufjs/base64': [ '1.1.2' ],
527 silly audit   '@protobufjs/codegen': [ '2.0.4' ],
527 silly audit   '@protobufjs/eventemitter': [ '1.1.0' ],
527 silly audit   '@protobufjs/fetch': [ '1.1.0' ],
527 silly audit   '@protobufjs/float': [ '1.0.2' ],
527 silly audit   '@protobufjs/inquire': [ '1.1.0' ],
527 silly audit   '@protobufjs/path': [ '1.1.2' ],
527 silly audit   '@protobufjs/pool': [ '1.1.0' ],
527 silly audit   '@protobufjs/utf8': [ '1.1.0' ],
527 silly audit   '@types/node': [ '25.6.0', '10.17.60' ],
527 silly audit   long: [ '5.3.2', '4.0.0' ],
527 silly audit   'undici-types': [ '7.19.2' ],
527 silly audit   '@img/colour': [ '1.1.0' ],
527 silly audit   '@img/sharp-darwin-arm64': [ '0.34.5' ],
527 silly audit   '@img/sharp-darwin-x64': [ '0.34.5' ],
527 silly audit   '@img/sharp-libvips-darwin-arm64': [ '1.2.4' ],
527 silly audit   '@img/sharp-libvips-darwin-x64': [ '1.2.4' ],
527 silly audit   '@img/sharp-libvips-linux-arm': [ '1.2.4' ],
527 silly audit   '@img/sharp-libvips-linux-arm64': [ '1.2.4' ],
527 silly audit   '@img/sharp-libvips-linux-ppc64': [ '1.2.4' ],
527 silly audit   '@img/sharp-libvips-linux-riscv64': [ '1.2.4' ],
527 silly audit   '@img/sharp-libvips-linux-s390x': [ '1.2.4' ],
527 silly audit   '@img/sharp-libvips-linux-x64': [ '1.2.4' ],
527 silly audit   '@img/sharp-libvips-linuxmusl-arm64': [ '1.2.4' ],
527 silly audit   '@img/sharp-libvips-linuxmusl-x64': [ '1.2.4' ],
527 silly audit   '@img/sharp-linux-arm': [ '0.34.5' ],
527 silly audit   '@img/sharp-linux-arm64': [ '0.34.5' ],
527 silly audit   '@img/sharp-linux-ppc64': [ '0.34.5' ],
527 silly audit   '@img/sharp-linux-riscv64': [ '0.34.5' ],
527 silly audit   '@img/sharp-linux-s390x': [ '0.34.5' ],
527 silly audit   '@img/sharp-linux-x64': [ '0.34.5' ],
527 silly audit   '@img/sharp-linuxmusl-arm64': [ '0.34.5' ],
527 silly audit   '@img/sharp-linuxmusl-x64': [ '0.34.5' ],
527 silly audit   '@img/sharp-wasm32': [ '0.34.5' ],
527 silly audit   '@img/sharp-win32-arm64': [ '0.34.5' ],
527 silly audit   '@img/sharp-win32-ia32': [ '0.34.5' ],
527 silly audit   '@img/sharp-win32-x64': [ '0.34.5' ],
527 silly audit   'detect-libc': [ '2.1.2' ],
527 silly audit   semver: [ '7.7.4' ],
527 silly audit   '@emnapi/runtime': [ '1.10.0' ],
527 silly audit   ieee754: [ '1.2.1' ],
527 silly audit   '@types/long': [ '4.0.2' ]
527 silly audit }
528 http cache @types/long@https://registry.npmjs.org/@types/long/-/long-4.0.2.tgz 0ms (cache hit)
529 http cache semver@https://registry.npmjs.org/semver/-/semver-7.7.4.tgz 1ms (cache hit)
530 http cache detect-libc@https://registry.npmjs.org/detect-libc/-/detect-libc-2.1.2.tgz 0ms (cache hit)
531 http cache ieee754@https://registry.npmjs.org/ieee754/-/ieee754-1.2.1.tgz 0ms (cache hit)
532 http cache undici-types@https://registry.npmjs.org/undici-types/-/undici-types-7.19.2.tgz 0ms (cache hit)
533 http cache @img/colour@https://registry.npmjs.org/@img/colour/-/colour-1.1.0.tgz 0ms (cache hit)
534 http cache long@https://registry.npmjs.org/long/-/long-5.3.2.tgz 0ms (cache hit)
535 http cache @types/node@https://registry.npmjs.org/@types/node/-/node-25.6.0.tgz 1ms (cache hit)
536 http cache @protobufjs/utf8@https://registry.npmjs.org/@protobufjs/utf8/-/utf8-1.1.0.tgz 0ms (cache hit)
537 http cache @protobufjs/pool@https://registry.npmjs.org/@protobufjs/pool/-/pool-1.1.0.tgz 0ms (cache hit)
538 http cache @protobufjs/path@https://registry.npmjs.org/@protobufjs/path/-/path-1.1.2.tgz 0ms (cache hit)
539 http cache @protobufjs/inquire@https://registry.npmjs.org/@protobufjs/inquire/-/inquire-1.1.0.tgz 0ms (cache hit)
540 http cache @protobufjs/float@https://registry.npmjs.org/@protobufjs/float/-/float-1.0.2.tgz 0ms (cache hit)
541 http cache @protobufjs/fetch@https://registry.npmjs.org/@protobufjs/fetch/-/fetch-1.1.0.tgz 0ms (cache hit)
542 http cache @protobufjs/eventemitter@https://registry.npmjs.org/@protobufjs/eventemitter/-/eventemitter-1.1.0.tgz 1ms (cache hit)
543 http cache @protobufjs/codegen@https://registry.npmjs.org/@protobufjs/codegen/-/codegen-2.0.4.tgz 0ms (cache hit)
544 http cache @protobufjs/base64@https://registry.npmjs.org/@protobufjs/base64/-/base64-1.1.2.tgz 0ms (cache hit)
545 http cache @protobufjs/aspromise@https://registry.npmjs.org/@protobufjs/aspromise/-/aspromise-1.1.2.tgz 0ms (cache hit)
546 http cache split2@https://registry.npmjs.org/split2/-/split2-4.2.0.tgz 0ms (cache hit)
547 http cache thread-stream@https://registry.npmjs.org/thread-stream/-/thread-stream-3.1.0.tgz 0ms (cache hit)
548 http cache sonic-boom@https://registry.npmjs.org/sonic-boom/-/sonic-boom-4.2.1.tgz 0ms (cache hit)
549 http cache safe-stable-stringify@https://registry.npmjs.org/safe-stable-stringify/-/safe-stable-stringify-2.5.0.tgz 0ms (cache hit)
550 http cache real-require@https://registry.npmjs.org/real-require/-/real-require-0.2.0.tgz 0ms (cache hit)
551 http cache quick-format-unescaped@https://registry.npmjs.org/quick-format-unescaped/-/quick-format-unescaped-4.0.4.tgz 0ms (cache hit)
552 http cache process-warning@https://registry.npmjs.org/process-warning/-/process-warning-5.0.0.tgz 1ms (cache hit)
553 http cache pino-std-serializers@https://registry.npmjs.org/pino-std-serializers/-/pino-std-serializers-7.1.0.tgz 0ms (cache hit)
554 http cache pino-abstract-transport@https://registry.npmjs.org/pino-abstract-transport/-/pino-abstract-transport-2.0.0.tgz 0ms (cache hit)
555 http cache on-exit-leak-free@https://registry.npmjs.org/on-exit-leak-free/-/on-exit-leak-free-2.1.2.tgz 0ms (cache hit)
556 http cache atomic-sleep@https://registry.npmjs.org/atomic-sleep/-/atomic-sleep-1.0.0.tgz 0ms (cache hit)
557 http cache p-timeout@https://registry.npmjs.org/p-timeout/-/p-timeout-7.0.1.tgz 0ms (cache hit)
558 http cache @pinojs/redact@https://registry.npmjs.org/@pinojs/redact/-/redact-0.4.0.tgz 0ms (cache hit)
559 http cache eventemitter3@https://registry.npmjs.org/eventemitter3/-/eventemitter3-5.0.4.tgz 0ms (cache hit)
560 http cache @tokenizer/inflate@https://registry.npmjs.org/@tokenizer/inflate/-/inflate-0.4.1.tgz 0ms (cache hit)
561 http cache ms@https://registry.npmjs.org/ms/-/ms-2.1.3.tgz 1ms (cache hit)
562 http cache win-guid@https://registry.npmjs.org/win-guid/-/win-guid-0.2.1.tgz 0ms (cache hit)
563 http cache uint8array-extras@https://registry.npmjs.org/uint8array-extras/-/uint8array-extras-1.5.0.tgz 0ms (cache hit)
564 http cache token-types@https://registry.npmjs.org/token-types/-/token-types-6.1.2.tgz 1ms (cache hit)
565 http cache strtok3@https://registry.npmjs.org/strtok3/-/strtok3-10.3.5.tgz 0ms (cache hit)
566 http cache media-typer@https://registry.npmjs.org/media-typer/-/media-typer-1.1.0.tgz 0ms (cache hit)
567 http cache file-type@https://registry.npmjs.org/file-type/-/file-type-21.3.4.tgz 0ms (cache hit)
568 http cache debug@https://registry.npmjs.org/debug/-/debug-4.4.3.tgz 0ms (cache hit)
569 http cache content-type@https://registry.npmjs.org/content-type/-/content-type-1.0.5.tgz 0ms (cache hit)
570 http cache @tokenizer/token@https://registry.npmjs.org/@tokenizer/token/-/token-0.3.0.tgz 0ms (cache hit)
571 http cache @borewit/text-codec@https://registry.npmjs.org/@borewit/text-codec/-/text-codec-0.2.2.tgz 1ms (cache hit)
572 http cache curve25519-js@https://registry.npmjs.org/curve25519-js/-/curve25519-js-0.0.4.tgz 1ms (cache hit)
573 http cache @keyv/serialize@https://registry.npmjs.org/@keyv/serialize/-/serialize-1.1.1.tgz 1ms (cache hit)
574 http cache hashery@https://registry.npmjs.org/hashery/-/hashery-1.5.1.tgz 0ms (cache hit)
575 http cache @keyv/bigmap@https://registry.npmjs.org/@keyv/bigmap/-/bigmap-1.3.1.tgz 0ms (cache hit)
576 http cache qified@https://registry.npmjs.org/qified/-/qified-0.9.1.tgz 0ms (cache hit)
577 http cache @cacheable/utils@https://registry.npmjs.org/@cacheable/utils/-/utils-2.4.1.tgz 0ms (cache hit)
578 http cache @cacheable/memory@https://registry.npmjs.org/@cacheable/memory/-/memory-2.0.8.tgz 0ms (cache hit)
579 http cache tslib@https://registry.npmjs.org/tslib/-/tslib-2.8.1.tgz 0ms (cache hit)
580 http cache @hapi/hoek@https://registry.npmjs.org/@hapi/hoek/-/hoek-9.3.0.tgz 0ms (cache hit)
581 http cache keyv@https://registry.npmjs.org/keyv/-/keyv-5.6.0.tgz 0ms (cache hit)
582 http cache hookified@https://registry.npmjs.org/hookified/-/hookified-1.15.1.tgz 0ms (cache hit)
583 http cache cacheable@https://registry.npmjs.org/cacheable/-/cacheable-2.3.4.tgz 0ms (cache hit)
584 http cache ws@https://registry.npmjs.org/ws/-/ws-8.20.0.tgz 0ms (cache hit)
585 http cache protobufjs@https://registry.npmjs.org/protobufjs/-/protobufjs-7.5.5.tgz 0ms (cache hit)
586 http cache pino@https://registry.npmjs.org/pino/-/pino-9.14.0.tgz 0ms (cache hit)
587 http cache p-queue@https://registry.npmjs.org/p-queue/-/p-queue-9.1.2.tgz 0ms (cache hit)
588 http cache music-metadata@https://registry.npmjs.org/music-metadata/-/music-metadata-11.12.3.tgz 0ms (cache hit)
589 http cache lru-cache@https://registry.npmjs.org/lru-cache/-/lru-cache-11.3.5.tgz 0ms (cache hit)
590 http cache async-mutex@https://registry.npmjs.org/async-mutex/-/async-mutex-0.5.0.tgz 0ms (cache hit)
591 http cache @hapi/boom@https://registry.npmjs.org/@hapi/boom/-/boom-9.1.4.tgz 0ms (cache hit)
592 http cache @cacheable/node-cache@https://registry.npmjs.org/@cacheable/node-cache/-/node-cache-1.7.6.tgz 0ms (cache hit)
593 http cache sharp@https://registry.npmjs.org/sharp/-/sharp-0.34.5.tgz 0ms (cache hit)
594 http cache qrcode-terminal@https://registry.npmjs.org/qrcode-terminal/-/qrcode-terminal-0.12.0.tgz 1ms (cache hit)
595 http cache @whiskeysockets/baileys@https://registry.npmjs.org/@whiskeysockets/baileys/-/baileys-7.0.0-rc.9.tgz 0ms (cache hit)
596 http cache hookified@https://registry.npmjs.org/hookified/-/hookified-2.1.1.tgz 0ms (cache hit)
597 http cache long@https://registry.npmjs.org/long/-/long-4.0.0.tgz 1ms (cache hit)
598 http cache protobufjs@https://registry.npmjs.org/protobufjs/-/protobufjs-6.8.8.tgz 1ms (cache hit)
599 http cache @types/node@https://registry.npmjs.org/@types/node/-/node-10.17.60.tgz 1ms (cache hit)
600 http fetch POST 200 https://registry.npmjs.org/-/npm/v1/security/advisories/bulk 2524ms
601 silly audit report {
601 silly audit report   protobufjs: [
601 silly audit report     {
601 silly audit report       id: 1116832,
601 silly audit report       url: 'https://github.com/advisories/GHSA-xq3m-2v4x-88gg',
601 silly audit report       title: 'Arbitrary code execution in protobufjs',
601 silly audit report       severity: 'critical',
601 silly audit report       vulnerable_versions: '<7.5.5',
601 silly audit report       cwe: [Array],
601 silly audit report       cvss: [Object]
601 silly audit report     }
601 silly audit report   ]
601 silly audit report }
602 silly packumentCache corgi:https://registry.npmjs.org/protobufjs cache-miss
603 http fetch GET 200 https://registry.npmjs.org/protobufjs 1308ms (cache revalidated)
604 silly packumentCache corgi:https://registry.npmjs.org/protobufjs set size:246110 disposed:false
605 silly packumentCache corgi:https://registry.npmjs.org/@whiskeysockets%2flibsignal-node cache-miss
606 http fetch GET 404 https://registry.npmjs.org/@whiskeysockets%2flibsignal-node 280ms (cache skip)
607 silly packumentCache corgi:https://registry.npmjs.org/@whiskeysockets%2flibsignal-node cache-miss
608 http fetch GET 404 https://registry.npmjs.org/@whiskeysockets%2flibsignal-node 308ms (cache skip)
609 silly packumentCache corgi:https://registry.npmjs.org/@whiskeysockets%2fbaileys cache-miss
610 http fetch GET 200 https://registry.npmjs.org/@whiskeysockets%2fbaileys 487ms (cache revalidated)
611 silly packumentCache corgi:https://registry.npmjs.org/@whiskeysockets%2fbaileys set size:81566 disposed:false
612 http fetch GET 200 https://codeload.github.com/whiskeysockets/libsignal-node/tar.gz/1c30d7d7e76a3b0aa120b04dc6a26f5a12dccf67 3502ms (cache revalidated)
613 silly packumentCache heap:1174405120 maxSize:293601280 maxEntrySize:146800640
614 info run @whiskeysockets/baileys@7.0.0-rc.9 preinstall node_modules/@whiskeysockets/baileys node ./engine-requirements.js
615 info run @whiskeysockets/baileys@7.0.0-rc.9 preinstall { code: 0, signal: null }
616 info run sharp@0.34.5 install node_modules/sharp node install/check.js || npm run build
617 info run sharp@0.34.5 install { code: 0, signal: null }
618 info run protobufjs@7.5.5 postinstall node_modules/protobufjs node scripts/postinstall
619 info run protobufjs@6.8.8 postinstall node_modules/libsignal/node_modules/protobufjs node scripts/postinstall
620 info run protobufjs@7.5.5 postinstall { code: 0, signal: null }
621 info run protobufjs@6.8.8 postinstall { code: 0, signal: null }
622 silly ADD node_modules/@types/long
623 silly ADD node_modules/ieee754
624 silly ADD node_modules/semver
625 silly ADD node_modules/detect-libc
626 silly ADD node_modules/@img/colour
627 silly ADD node_modules/undici-types
628 silly ADD node_modules/long
629 silly ADD node_modules/@types/node
630 silly ADD node_modules/@protobufjs/utf8
631 silly ADD node_modules/@protobufjs/pool
632 silly ADD node_modules/@protobufjs/path
633 silly ADD node_modules/@protobufjs/inquire
634 silly ADD node_modules/@protobufjs/float
635 silly ADD node_modules/@protobufjs/fetch
636 silly ADD node_modules/@protobufjs/eventemitter
637 silly ADD node_modules/@protobufjs/codegen
638 silly ADD node_modules/@protobufjs/base64
639 silly ADD node_modules/@protobufjs/aspromise
640 silly ADD node_modules/split2
641 silly ADD node_modules/thread-stream
642 silly ADD node_modules/sonic-boom
643 silly ADD node_modules/safe-stable-stringify
644 silly ADD node_modules/real-require
645 silly ADD node_modules/quick-format-unescaped
646 silly ADD node_modules/process-warning
647 silly ADD node_modules/pino-std-serializers
648 silly ADD node_modules/pino-abstract-transport
649 silly ADD node_modules/on-exit-leak-free
650 silly ADD node_modules/atomic-sleep
651 silly ADD node_modules/@pinojs/redact
652 silly ADD node_modules/p-timeout
653 silly ADD node_modules/eventemitter3
654 silly ADD node_modules/@tokenizer/inflate
655 silly ADD node_modules/ms
656 silly ADD node_modules/win-guid
657 silly ADD node_modules/uint8array-extras
658 silly ADD node_modules/token-types
659 silly ADD node_modules/strtok3
660 silly ADD node_modules/media-typer
661 silly ADD node_modules/file-type
662 silly ADD node_modules/debug
663 silly ADD node_modules/content-type
664 silly ADD node_modules/@tokenizer/token
665 silly ADD node_modules/@borewit/text-codec
666 silly ADD node_modules/curve25519-js
667 silly ADD node_modules/@keyv/serialize
668 silly ADD node_modules/hashery
669 silly ADD node_modules/@keyv/bigmap
670 silly ADD node_modules/qified
671 silly ADD node_modules/qified/node_modules/hookified
672 silly ADD node_modules/@cacheable/utils
673 silly ADD node_modules/@cacheable/memory
674 silly ADD node_modules/tslib
675 silly ADD node_modules/@hapi/hoek
676 silly ADD node_modules/keyv
677 silly ADD node_modules/hookified
678 silly ADD node_modules/cacheable
679 silly ADD node_modules/ws
680 silly ADD node_modules/protobufjs
681 silly ADD node_modules/pino
682 silly ADD node_modules/p-queue
683 silly ADD node_modules/music-metadata
684 silly ADD node_modules/lru-cache
685 silly ADD node_modules/libsignal
686 silly ADD node_modules/libsignal/node_modules/long
687 silly ADD node_modules/libsignal/node_modules/@types/node
688 silly ADD node_modules/libsignal/node_modules/protobufjs
689 silly ADD node_modules/async-mutex
690 silly ADD node_modules/@hapi/boom
691 silly ADD node_modules/@cacheable/node-cache
692 silly ADD node_modules/qrcode-terminal
693 silly ADD node_modules/sharp
694 silly ADD node_modules/@whiskeysockets/baileys
695 verbose cwd /data/data/com.termux/files/home/mon-bot-wpp
696 verbose os Linux 3.18.79
697 verbose node v25.8.2
698 verbose npm  v11.12.1
699 verbose exit 0
700 info ok
